<?xml version="1.0" encoding="UTF-8"?>
<!-- Generated by org.testng.reporters.JUnitReportReporter -->
<testsuite skipped="0" hostname="Srinivas-PC" name="com.srinivas.com.testproject.EmployeeTest" tests="1" failures="0" timestamp="19 Mar 2017 06:00:55 GMT" time="0.005" errors="0">
  <testcase name="testName" time="0.005" classname="com.srinivas.com.testproject.EmployeeTest"/>
</testsuite> <!-- com.srinivas.com.testproject.EmployeeTest -->
